krestnol/Game/app/build/intermediates/manifest_merge_blame_file/release/manifest-merger-blame-release-report.txt
1<?xml version="1.0" encoding="utf-8"?>
2<manifest xmlns:android="http://schemas.android.com/apk/res/android"
3    package="com.unaev.tictac"
4    android:versionCode="7"
5    android:versionName="1.6" >
6
7    <uses-sdk
8        android:minSdkVersion="14"
8-->src\main\AndroidManifest.xml
9        android:targetSdkVersion="29" />
9-->src\main\AndroidManifest.xml
10    <!-- Include required permissions for Google Mobile Ads to run -->
11    <uses-permission android:name="android.permission.INTERNET" />
11-->[com.google.android.gms:play-services-ads-lite:18.2.0] AndroidManifest.xml:23:5-67
11-->[com.google.android.gms:play-services-ads-lite:18.2.0] AndroidManifest.xml:23:22-64
12    <uses-permission android:name="android.permission.ACCESS_NETWORK_STATE" />
12-->[com.google.android.gms:play-services-ads-lite:18.2.0] AndroidManifest.xml:24:5-79
12-->[com.google.android.gms:play-services-ads-lite:18.2.0] AndroidManifest.xml:24:22-76
13    <uses-permission android:name="android.permission.WAKE_LOCK" />
13-->[com.google.android.gms:play-services-measurement:17.0.0] AndroidManifest.xml:25:5-68
13-->[com.google.android.gms:play-services-measurement:17.0.0] AndroidManifest.xml:25:22-65
14    <uses-permission android:name="com.google.android.finsky.permission.BIND_GET_INSTALL_REFERRER_SERVICE" />
14-->[com.google.android.gms:play-services-measurement:17.0.0] AndroidManifest.xml:26:5-110
14-->[com.google.android.gms:play-services-measurement:17.0.0] AndroidManifest.xml:26:22-107
15
16    <application
16-->src\main\AndroidManifest.xml:5:5-35:19
17        android:appComponentFactory="androidx.core.app.CoreComponentFactory"
17-->[androidx.core:core:1.0.0] AndroidManifest.xml:22:18-86
18        android:icon="@drawable/ic_launcher"
18-->src\main\AndroidManifest.xml:6:9-45
19        android:label="@string/app_name"
19-->src\main\AndroidManifest.xml:7:9-41
20        android:theme="@style/AppTheme" >
20-->src\main\AndroidManifest.xml:8:9-40
21
22        <!-- Main -->
23        <activity
23-->src\main\AndroidManifest.xml:11:9-21:20
24            android:name="com.unaev.tictac.Main"
24-->src\main\AndroidManifest.xml:12:13-49
25            android:label="@string/app_name"
25-->src\main\AndroidManifest.xml:13:13-45
26            android:screenOrientation="sensorPortrait" >
26-->src\main\AndroidManifest.xml:14:13-55
27            <intent-filter>
27-->src\main\AndroidManifest.xml:15:13-20:29
28                <action android:name="android.intent.action.MAIN" />
28-->src\main\AndroidManifest.xml:16:17-69
28-->src\main\AndroidManifest.xml:16:25-66
29                <action android:name="android.intent.action.VIEW" />
29-->src\main\AndroidManifest.xml:17:17-69
29-->src\main\AndroidManifest.xml:17:25-66
30
31                <category android:name="android.intent.category.LAUNCHER" />
31-->src\main\AndroidManifest.xml:19:17-77
31-->src\main\AndroidManifest.xml:19:27-74
32            </intent-filter>
33        </activity>
34
35        <!-- AdMob -->
36        <meta-data
36-->src\main\AndroidManifest.xml:24:9-26:51
37            android:name="com.google.android.gms.ads.APPLICATION_ID"
37-->src\main\AndroidManifest.xml:25:13-69
38            android:value="@string/adMob_app_id" />
38-->src\main\AndroidManifest.xml:26:13-49
39        <meta-data
39-->src\main\AndroidManifest.xml:27:9-29:69
40            android:name="com.google.android.gms.version"
40-->src\main\AndroidManifest.xml:28:13-58
41            android:value="@integer/google_play_services_version" />
41-->src\main\AndroidManifest.xml:29:13-66
42
43        <activity
43-->src\main\AndroidManifest.xml:30:9-33:64
44            android:name="com.google.android.gms.ads.AdActivity"
44-->src\main\AndroidManifest.xml:31:13-65
45            android:configChanges="keyboard|keyboardHidden|orientation|screenLayout|uiMode|screenSize|smallestScreenSize"
45-->src\main\AndroidManifest.xml:32:13-122
46            android:exported="false"
46-->[com.google.android.gms:play-services-ads-lite:18.2.0] AndroidManifest.xml:32:13-37
47            android:theme="@android:style/Theme.Translucent" />
47-->src\main\AndroidManifest.xml:33:13-61
48
49        <provider
49-->[com.google.android.gms:play-services-ads-lite:18.2.0] AndroidManifest.xml:35:9-39:39
50            android:name="com.google.android.gms.ads.MobileAdsInitProvider"
50-->[com.google.android.gms:play-services-ads-lite:18.2.0] AndroidManifest.xml:36:13-76
51            android:authorities="com.unaev.tictac.mobileadsinitprovider"
51-->[com.google.android.gms:play-services-ads-lite:18.2.0] AndroidManifest.xml:37:13-73
52            android:exported="false"
52-->[com.google.android.gms:play-services-ads-lite:18.2.0] AndroidManifest.xml:38:13-37
53            android:initOrder="100" />
53-->[com.google.android.gms:play-services-ads-lite:18.2.0] AndroidManifest.xml:39:13-36
54
55        <receiver
55-->[com.google.android.gms:play-services-measurement:17.0.0] AndroidManifest.xml:29:9-33:20
56            android:name="com.google.android.gms.measurement.AppMeasurementReceiver"
56-->[com.google.android.gms:play-services-measurement:17.0.0] AndroidManifest.xml:30:13-85
57            android:enabled="true"
57-->[com.google.android.gms:play-services-measurement:17.0.0] AndroidManifest.xml:31:13-35
58            android:exported="false" >
58-->[com.google.android.gms:play-services-measurement:17.0.0] AndroidManifest.xml:32:13-37
59        </receiver>
60        <receiver
60-->[com.google.android.gms:play-services-measurement:17.0.0] AndroidManifest.xml:34:9-42:20
61            android:name="com.google.android.gms.measurement.AppMeasurementInstallReferrerReceiver"
61-->[com.google.android.gms:play-services-measurement:17.0.0] AndroidManifest.xml:35:13-100
62            android:enabled="true"
62-->[com.google.android.gms:play-services-measurement:17.0.0] AndroidManifest.xml:36:13-35
63            android:exported="true"
63-->[com.google.android.gms:play-services-measurement:17.0.0] AndroidManifest.xml:37:13-36
64            android:permission="android.permission.INSTALL_PACKAGES" >
64-->[com.google.android.gms:play-services-measurement:17.0.0] AndroidManifest.xml:38:13-69
65            <intent-filter>
65-->[com.google.android.gms:play-services-measurement:17.0.0] AndroidManifest.xml:39:13-41:29
66                <action android:name="com.android.vending.INSTALL_REFERRER" />
66-->[com.google.android.gms:play-services-measurement:17.0.0] AndroidManifest.xml:40:17-79
66-->[com.google.android.gms:play-services-measurement:17.0.0] AndroidManifest.xml:40:25-76
67            </intent-filter>
68        </receiver>
69
70        <service
70-->[com.google.android.gms:play-services-measurement:17.0.0] AndroidManifest.xml:44:9-47:40
71            android:name="com.google.android.gms.measurement.AppMeasurementService"
71-->[com.google.android.gms:play-services-measurement:17.0.0] AndroidManifest.xml:45:13-84
72            android:enabled="true"
72-->[com.google.android.gms:play-services-measurement:17.0.0] AndroidManifest.xml:46:13-35
73            android:exported="false" />
73-->[com.google.android.gms:play-services-measurement:17.0.0] AndroidManifest.xml:47:13-37
74        <service
74-->[com.google.android.gms:play-services-measurement:17.0.0] AndroidManifest.xml:48:9-52:72
75            android:name="com.google.android.gms.measurement.AppMeasurementJobService"
75-->[com.google.android.gms:play-services-measurement:17.0.0] AndroidManifest.xml:49:13-87
76            android:enabled="true"
76-->[com.google.android.gms:play-services-measurement:17.0.0] AndroidManifest.xml:50:13-35
77            android:exported="false"
77-->[com.google.android.gms:play-services-measurement:17.0.0] AndroidManifest.xml:51:13-37
78            android:permission="android.permission.BIND_JOB_SERVICE" />
78-->[com.google.android.gms:play-services-measurement:17.0.0] AndroidManifest.xml:52:13-69
79    </application>
80
81</manifest>